<?xml version="1.0" encoding="UTF-8"?>
<!-- Generated by org.testng.reporters.JUnitReportReporter -->
<testsuite hostname="msuman-PC" failures="0" tests="1" name="com.YATRAProjectNCR.LoginTest" time="5.710" errors="0" timestamp="05 Aug 2020 03:36:25 GMT" skipped="0">
  <testcase classname="com.YATRAProjectNCR.LoginTest" name="MyAccountLogin" time="5.710"/>
</testsuite> <!-- com.YATRAProjectNCR.LoginTest -->
