<?xml version="1.0" encoding="UTF-8"?>
<!-- Generated by org.testng.reporters.JUnitReportReporter -->
<testsuite hostname="msuman-PC" failures="0" tests="1" name="com.YATRAProjectNCR.basetest" time="27.952" errors="0" timestamp="05 Aug 2020 03:06:40 GMT" skipped="0">
  <testcase classname="com.YATRAProjectNCR.basetest" name="initialTest" time="27.952"/>
</testsuite> <!-- com.YATRAProjectNCR.basetest -->
